<?xml version="1.0" encoding="utf-8"?><testsuites><testsuite errors="0" failures="1" hostname="andre" name="pytest" skipped="0" tests="5" time="1.698" timestamp="2020-06-13T14:51:01.219401"><testcase classname="test_submit" file="test_submit.py" line="3" name="test_q1" time="0.002"></testcase><testcase classname="test_submit" file="test_submit.py" line="9" name="test_q2" time="0.001"></testcase><testcase classname="test_submit" file="test_submit.py" line="15" name="test_q3" time="0.000"></testcase><testcase classname="test_submit" file="test_submit.py" line="21" name="test_q4" time="0.001"></testcase><testcase classname="test_submit" file="test_submit.py" line="27" name="test_q5" time="0.001"><failure message="assert None == (0.027, 0.04, -0.004)
  -None
  +(0.027, 0.04, -0.004)">E   assert None == (0.027, 0.04, -0.004)
      -None
      +(0.027, 0.04, -0.004)</failure></testcase></testsuite></testsuites>